0 info it worked if it ends with ok
1 verbose cli [ '/Users/noviny/.nvm/versions/node/v6.0.0/bin/node',
1 verbose cli   '/Users/noviny/.nvm/versions/node/v6.0.0/bin/npm',
1 verbose cli   'run',
1 verbose cli   'lint' ]
2 info using npm@3.8.6
3 info using node@v6.0.0
4 verbose run-script [ 'prelint', 'lint', 'postlint' ]
5 info lifecycle react-dice@1.0.0~prelint: react-dice@1.0.0
6 silly lifecycle react-dice@1.0.0~prelint: no script for prelint, continuing
7 info lifecycle react-dice@1.0.0~lint: react-dice@1.0.0
8 verbose lifecycle react-dice@1.0.0~lint: unsafe-perm in lifecycle true
9 verbose lifecycle react-dice@1.0.0~lint: PATH: /Users/noviny/.nvm/versions/node/v6.0.0/lib/node_modules/npm/bin/node-gyp-bin:/Users/noviny/Development/projects/personal/react-dice/node_modules/.bin:/Users/noviny/.nvm/versions/node/v6.0.0/bin:/Users/noviny/.rvm/gems/ruby-2.2.1/bin:/Users/noviny/.rvm/gems/ruby-2.2.1@global/bin:/Users/noviny/.rvm/rubies/ruby-2.2.1/bin:/Users/noviny/.nvm/versions/node/v6.0.0/bin:/usr/local/bin:/usr/bin:/bin:/usr/sbin:/sbin:/Users/noviny/.rvm/bin
10 verbose lifecycle react-dice@1.0.0~lint: CWD: /Users/noviny/Development/projects/personal/react-dice
11 silly lifecycle react-dice@1.0.0~lint: Args: [ '-c', 'eslint .' ]
12 silly lifecycle react-dice@1.0.0~lint: Returned: code: 1  signal: null
13 info lifecycle react-dice@1.0.0~lint: Failed to exec lint script
14 verbose stack Error: react-dice@1.0.0 lint: `eslint .`
14 verbose stack Exit status 1
14 verbose stack     at EventEmitter.<anonymous> (/Users/noviny/.nvm/versions/node/v6.0.0/lib/node_modules/npm/lib/utils/lifecycle.js:239:16)
14 verbose stack     at emitTwo (events.js:106:13)
14 verbose stack     at EventEmitter.emit (events.js:191:7)
14 verbose stack     at ChildProcess.<anonymous> (/Users/noviny/.nvm/versions/node/v6.0.0/lib/node_modules/npm/lib/utils/spawn.js:24:14)
14 verbose stack     at emitTwo (events.js:106:13)
14 verbose stack     at ChildProcess.emit (events.js:191:7)
14 verbose stack     at maybeClose (internal/child_process.js:850:16)
14 verbose stack     at Process.ChildProcess._handle.onexit (internal/child_process.js:215:5)
15 verbose pkgid react-dice@1.0.0
16 verbose cwd /Users/noviny/Development/projects/personal/react-dice
17 error Darwin 15.5.0
18 error argv "/Users/noviny/.nvm/versions/node/v6.0.0/bin/node" "/Users/noviny/.nvm/versions/node/v6.0.0/bin/npm" "run" "lint"
19 error node v6.0.0
20 error npm  v3.8.6
21 error code ELIFECYCLE
22 error react-dice@1.0.0 lint: `eslint .`
22 error Exit status 1
23 error Failed at the react-dice@1.0.0 lint script 'eslint .'.
23 error Make sure you have the latest version of node.js and npm installed.
23 error If you do, this is most likely a problem with the react-dice package,
23 error not with npm itself.
23 error Tell the author that this fails on your system:
23 error     eslint .
23 error You can get information on how to open an issue for this project with:
23 error     npm bugs react-dice
23 error Or if that isn't available, you can get their info via:
23 error     npm owner ls react-dice
23 error There is likely additional logging output above.
24 verbose exit [ 1, true ]
